

Microchip MPLAB XC8 Assembler V2.32 build 20210201212658 
                                                                                               Tue May 11 14:47:06 2021

Microchip MPLAB XC8 C Compiler v2.32 (Free license) build 20210201212658 Og1 
     1                           	processor	12F508
     2                           	pagewidth 120
     3                           	opt	flic
     4                           	psect	cinit,global,class=ENTRY,merge=1,delta=2
     5                           	psect	cstackBANK0,global,class=BANK0,space=1,delta=1,noexec
     6                           	psect	maintext,global,class=CODE,split=1,delta=2
     7                           	dabs	1,0x1C,4
     8  0000                     
     9                           ; Version 2.20
    10                           ; Generated 29/04/2020 GMT
    11                           ; 
    12                           ; Copyright © 2020, Microchip Technology Inc. and its subsidiaries ("Microchip")
    13                           ; All rights reserved.
    14                           ; 
    15                           ; This software is developed by Microchip Technology Inc. and its subsidiaries ("Microch
      +                          ip").
    16                           ; 
    17                           ; Redistribution and use in source and binary forms, with or without modification, are
    18                           ; permitted provided that the following conditions are met:
    19                           ; 
    20                           ;     1. Redistributions of source code must retain the above copyright notice, this lis
      +                          t of
    21                           ;        conditions and the following disclaimer.
    22                           ; 
    23                           ;     2. Redistributions in binary form must reproduce the above copyright notice, this 
      +                          list
    24                           ;        of conditions and the following disclaimer in the documentation and/or other
    25                           ;        materials provided with the distribution.
    26                           ; 
    27                           ;     3. Microchip's name may not be used to endorse or promote products derived from th
      +                          is
    28                           ;        software without specific prior written permission.
    29                           ; 
    30                           ; THIS SOFTWARE IS PROVIDED BY MICROCHIP "AS IS" AND ANY EXPRESS OR IMPLIED WARRANTIES,
    31                           ; INCLUDING, BUT NOT LIMITED TO, THE IMPLIED WARRANTIES OF MERCHANTABILITY AND FITNESS F
      +                          OR
    32                           ; PURPOSE ARE DISCLAIMED.  IN NO EVENT SHALL MICROCHIP BE LIABLE FOR ANY DIRECT, INDIREC
      +                          T,
    33                           ; INCIDENTAL, SPECIAL, EXEMPLARY, OR CONSEQUENTIAL DAMAGES (INCLUDING BUT NOT LIMITED TO
    34                           ; PROCUREMENT OF SUBSTITUTE GOODS OR SERVICES; LOSS OF USE, DATA OR PROFITS; OR BUSINESS
    35                           ; INTERRUPTION) HOWSOEVER CAUSED AND ON ANY THEORY OF LIABILITY, WHETHER IN CONTRACT, ST
      +                          RICT
    36                           ; LIABILITY, OR TORT (INCLUDING NEGLIGENCE OR OTHERWISE) ARISING IN ANY WAY OUT OF THE U
      +                          SE OF
    37                           ; THIS SOFTWARE, EVEN IF ADVISED OF THE POSSIBILITY OF SUCH DAMAGE.
    38                           ; 
    39                           ; 
    40                           ; Code-generator required, PIC12F508 Definitions
    41                           ; 
    42                           ; SFR Addresses
    43  0000                     	;# 
    44  0001                     	;# 
    45  0002                     	;# 
    46  0003                     	;# 
    47  0004                     	;# 
    48  0005                     	;# 
    49  0006                     	;# 
    50  0000                     nosup@@$_$_CONFIG	set	0	;# 
    51  0006                     _GPIObits	set	6
    52  0006                     _TRISGPIO	set	6
    53                           
    54                           	psect	cinit
    55  001                     start_initialization:	
    56                           ; #config settings
    57                           
    58  001                     __initialization:
    59  001                     end_of_initialization:	
    60                           ;End of C runtime variable initialization code
    61                           
    62  001                     __end_of__initialization:
    63  001  0064               	clrf	4
    64  002  0BDF               	ljmp	_main	;jump to C main() function
    65                           
    66                           	psect	cstackBANK0
    67  007                     __pcstackBANK0:
    68  007                     ?_main:
    69  007                     ??_main:	
    70                           ; 1 bytes @ 0x0
    71                           
    72                           
    73                           ; 1 bytes @ 0x0
    74  007                     	ds	3
    75                           
    76                           	psect	maintext
    77  1DF                     __pmaintext:	
    78 ;;
    79 ;;Main: autosize = 0, tempsize = 3, incstack = 0, save=0
    80 ;;
    81 ;; *************** function _main *****************
    82 ;; Defined at:
    83 ;;		line 13 in file "newmain.c"
    84 ;; Parameters:    Size  Location     Type
    85 ;;		None
    86 ;; Auto vars:     Size  Location     Type
    87 ;;		None
    88 ;; Return value:  Size  Location     Type
    89 ;;                  1   10[None  ] void 
    90 ;; Registers used:
    91 ;;		wreg, fsr0l, fsr0h
    92 ;; Tracked objects:
    93 ;;		On entry : B00/0
    94 ;;		On exit  : 0/0
    95 ;;		Unchanged: 0/0
    96 ;; Data sizes:     COMMON   BANK0
    97 ;;      Params:         0       0
    98 ;;      Locals:         0       0
    99 ;;      Temps:          0       3
   100 ;;      Totals:         0       3
   101 ;;Total ram usage:        3 bytes
   102 ;; This function calls:
   103 ;;		Nothing
   104 ;; This function is called by:
   105 ;;		Startup code after reset
   106 ;; This function uses a non-reentrant model
   107 ;;
   108                           
   109                           
   110                           ;psect for function _main
   111  1DF                     _main:
   112  1DF                     l532:	
   113                           ;incstack = 0
   114                           ; Regs used in _main: [wregfsr0]
   115                           
   116                           
   117                           ;newmain.c: 14:     TRISGPIO = 0b00000000;
   118  1DF  0C00               	movlw	0
   119  1E0  0006               	tris	6
   120  1E1                     l534:
   121                           
   122                           ;newmain.c: 16:         GPIObits.GP0 = 1;
   123  1E1  0506               	bsf	6,0	;volatile
   124                           
   125                           ;newmain.c: 17:         _delay((unsigned long)((500)*(4000000/4000.0)));
   126  1E2  0C03               	movlw	3
   127  1E3  0029               	movwf	??_main+2
   128  1E4  0C8A               	movlw	138
   129  1E5  0028               	movwf	??_main+1
   130  1E6  0C55               	movlw	85
   131  1E7  0027               	movwf	??_main
   132  1E8                     u17:
   133  1E8  02E7               	decfsz	??_main,f
   134  1E9  0BE8               	goto	u17
   135  1EA  02E8               	decfsz	??_main+1,f
   136  1EB  0BE8               	goto	u17
   137  1EC  02E9               	decfsz	??_main+2,f
   138  1ED  0BE8               	goto	u17
   139  1EE  0BEF               	nop2
   140  1EF                     l536:
   141                           
   142                           ;newmain.c: 18:         GPIObits.GP0 = 0;
   143  1EF  0406               	bcf	6,0	;volatile
   144  1F0                     l538:
   145                           
   146                           ;newmain.c: 19:         _delay((unsigned long)((500)*(4000000/4000.0)));
   147  1F0  0C03               	movlw	3
   148  1F1  0029               	movwf	??_main+2
   149  1F2  0C8A               	movlw	138
   150  1F3  0028               	movwf	??_main+1
   151  1F4  0C55               	movlw	85
   152  1F5  0027               	movwf	??_main
   153  1F6                     u27:
   154  1F6  02E7               	decfsz	??_main,f
   155  1F7  0BF6               	goto	u27
   156  1F8  02E8               	decfsz	??_main+1,f
   157  1F9  0BF6               	goto	u27
   158  1FA  02E9               	decfsz	??_main+2,f
   159  1FB  0BF6               	goto	u27
   160  1FC  0BFD               	nop2
   161  1FD  0BE1               	goto	l534
   162  1FE  0A00               	ljmp	start
   163  1FF                     __end_of_main:
   164  001C                     btemp	set	28	;btemp
   165  001C                     wtemp0	set	28
   166  001E                     wtemp1	set	30
   167  001C                     ttemp0	set	28
   168  001C                     ltemp0	set	28

Data Sizes:
    Strings     0
    Constant    0
    Data        0
    BSS         0
    Persistent  0
    Stack       0

Auto Spaces:
    Space          Size  Autos    Used
    COMMON            0      0       0
    BANK0            23      3       3

Pointer List with Targets:

    None.

Critical Paths under _main in COMMON

    None.

Critical Paths under _main in BANK0

    None.

Call Graph Tables:

 ---------------------------------------------------------------------------------
 (Depth) Function   	        Calls       Base Space   Used Autos Params    Refs
 ---------------------------------------------------------------------------------
 (0) _main                                                 3     3      0       0
                                              0 BANK0      3     3      0
 ---------------------------------------------------------------------------------
 Estimated maximum stack depth 0
 ---------------------------------------------------------------------------------

 Call Graph Graphs:

 _main (ROOT)

 Address spaces:
Name               Size   Autos  Total    Cost      Usage
BITCOMMON            0      0       0       0        0.0%
NULL                 0      0       0       0        0.0%
CODE                 0      0       0       0        0.0%
BITSFR0              0      0       0       1        0.0%
SFR0                 0      0       0       1        0.0%
COMMON               0      0       0       1        0.0%
STACK                0      0       0       2        0.0%
BANK0               17      3       3       3       13.0%
ABS                  0      0       0       4        0.0%
BITBANK0            17      0       0       5        0.0%
DATA                 0      0       0       6        0.0%


Microchip Technology PIC Macro Assembler V2.32 build 20210201212658 
Symbol Table                                                                                   Tue May 11 14:47:06 2021

                     u17 01E8                       u27 01F6                       fsr 0004  
                    l532 01DF                      l534 01E1                      l536 01EF  
                    l538 01F0                     _main 01DF                     btemp 001C  
                   start 0000         nosup@@$_$_CONFIG 0000                    ?_main 0007  
                  ltemp0 001C                    ttemp0 001C                    wtemp0 001C  
                  wtemp1 001E          __initialization 0001             __end_of_main 01FF  
                 ??_main 0007  __end_of__initialization 0001               __pmaintext 01DF  
   end_of_initialization 0001      start_initialization 0001                ___latbits 0000  
          __pcstackBANK0 0007                 _GPIObits 0006                 _TRISGPIO 0006  
          __size_of_main 0020  
