

Microchip MPLAB XC8 Assembler V2.32 build 20210201212658 
                                                                                               Sun Jun 06 21:47:45 2021

Microchip MPLAB XC8 C Compiler v2.32 (Free license) build 20210201212658 Og1 
     1                           	processor	12F508
     2                           	pagewidth 120
     3                           	opt	flic
     4                           	psect	cinit,global,class=ENTRY,merge=1,delta=2
     5                           	psect	cstackBANK0,global,class=BANK0,space=1,delta=1,noexec
     6                           	psect	maintext,global,class=CODE,split=1,delta=2
     7                           	psect	config,global,abs,ovrld,class=CONFIG,space=4,delta=2,noexec
     8                           	dabs	1,0x1C,4
     9  0000                     
    10                           ; Version 2.20
    11                           ; Generated 29/04/2020 GMT
    12                           ; 
    13                           ; Copyright © 2020, Microchip Technology Inc. and its subsidiaries ("Microchip")
    14                           ; All rights reserved.
    15                           ; 
    16                           ; This software is developed by Microchip Technology Inc. and its subsidiaries ("Microch
      +                          ip").
    17                           ; 
    18                           ; Redistribution and use in source and binary forms, with or without modification, are
    19                           ; permitted provided that the following conditions are met:
    20                           ; 
    21                           ;     1. Redistributions of source code must retain the above copyright notice, this lis
      +                          t of
    22                           ;        conditions and the following disclaimer.
    23                           ; 
    24                           ;     2. Redistributions in binary form must reproduce the above copyright notice, this 
      +                          list
    25                           ;        of conditions and the following disclaimer in the documentation and/or other
    26                           ;        materials provided with the distribution.
    27                           ; 
    28                           ;     3. Microchip's name may not be used to endorse or promote products derived from th
      +                          is
    29                           ;        software without specific prior written permission.
    30                           ; 
    31                           ; THIS SOFTWARE IS PROVIDED BY MICROCHIP "AS IS" AND ANY EXPRESS OR IMPLIED WARRANTIES,
    32                           ; INCLUDING, BUT NOT LIMITED TO, THE IMPLIED WARRANTIES OF MERCHANTABILITY AND FITNESS F
      +                          OR
    33                           ; PURPOSE ARE DISCLAIMED.  IN NO EVENT SHALL MICROCHIP BE LIABLE FOR ANY DIRECT, INDIREC
      +                          T,
    34                           ; INCIDENTAL, SPECIAL, EXEMPLARY, OR CONSEQUENTIAL DAMAGES (INCLUDING BUT NOT LIMITED TO
    35                           ; PROCUREMENT OF SUBSTITUTE GOODS OR SERVICES; LOSS OF USE, DATA OR PROFITS; OR BUSINESS
    36                           ; INTERRUPTION) HOWSOEVER CAUSED AND ON ANY THEORY OF LIABILITY, WHETHER IN CONTRACT, ST
      +                          RICT
    37                           ; LIABILITY, OR TORT (INCLUDING NEGLIGENCE OR OTHERWISE) ARISING IN ANY WAY OUT OF THE U
      +                          SE OF
    38                           ; THIS SOFTWARE, EVEN IF ADVISED OF THE POSSIBILITY OF SUCH DAMAGE.
    39                           ; 
    40                           ; 
    41                           ; Code-generator required, PIC12F508 Definitions
    42                           ; 
    43                           ; SFR Addresses
    44  0000                     	;# 
    45  0001                     	;# 
    46  0002                     	;# 
    47  0003                     	;# 
    48  0004                     	;# 
    49  0005                     	;# 
    50  0006                     	;# 
    51  0006                     _GPIObits	set	6
    52  0000                     _OPTION	set	0
    53  0006                     _TRISGPIO	set	6
    54                           
    55                           	psect	cinit
    56  003                     start_initialization:	
    57                           ; #config settings
    58                           
    59  003                     __initialization:
    60  003                     end_of_initialization:	
    61                           ;End of C runtime variable initialization code
    62                           
    63  003                     __end_of__initialization:
    64  003  0064               	clrf	4
    65  004  0BB2               	ljmp	_main	;jump to C main() function
    66                           
    67                           	psect	cstackBANK0
    68  007                     __pcstackBANK0:
    69  007                     ?_main:
    70  007                     ??_main:	
    71                           ; 1 bytes @ 0x0
    72                           
    73                           
    74                           ; 1 bytes @ 0x0
    75  007                     	ds	3
    76                           
    77                           	psect	maintext
    78  1B2                     __pmaintext:	
    79 ;;
    80 ;;Main: autosize = 0, tempsize = 3, incstack = 0, save=0
    81 ;;
    82 ;; *************** function _main *****************
    83 ;; Defined at:
    84 ;;		line 11 in file "newmain.c"
    85 ;; Parameters:    Size  Location     Type
    86 ;;		None
    87 ;; Auto vars:     Size  Location     Type
    88 ;;  flg             2    0        int 
    89 ;; Return value:  Size  Location     Type
    90 ;;                  1   12[None  ] void 
    91 ;; Registers used:
    92 ;;		wreg, fsr0l, fsr0h, status,2
    93 ;; Tracked objects:
    94 ;;		On entry : B00/0
    95 ;;		On exit  : 0/0
    96 ;;		Unchanged: 0/0
    97 ;; Data sizes:     COMMON   BANK0
    98 ;;      Params:         0       0
    99 ;;      Locals:         0       0
   100 ;;      Temps:          0       3
   101 ;;      Totals:         0       3
   102 ;;Total ram usage:        3 bytes
   103 ;; This function calls:
   104 ;;		Nothing
   105 ;; This function is called by:
   106 ;;		Startup code after reset
   107 ;; This function uses a non-reentrant model
   108 ;;
   109                           
   110                           
   111                           ;psect for function _main
   112  1B2                     _main:
   113  1B2                     l565:	
   114                           ;incstack = 0
   115                           ; Regs used in _main: [wreg-fsr0h+status,2]
   116                           
   117                           
   118                           ;newmain.c: 19:         }
   119  1B2  0C38               	movlw	56
   120  1B3  0006               	tris	6
   121  1B4                     l567:
   122  1B4                     l569:
   123                           
   124                           ;newmain.c: 21:             GPIObits.GP0 = 1;
   125  1B4  0C07               	movlw	7
   126  1B5  0002               	option
   127  1B6                     l571:
   128                           
   129                           ;newmain.c: 23:             GPIObits.GP1 = 1;
   130  1B6  0C0D               	movlw	13
   131  1B7  0028               	movwf	??_main+1
   132  1B8  0CFB               	movlw	251
   133  1B9  0027               	movwf	??_main
   134  1BA                     u57:
   135  1BA  02E7               	decfsz	??_main,f
   136  1BB  0BBA               	goto	u57
   137  1BC  02E8               	decfsz	??_main+1,f
   138  1BD  0BBA               	goto	u57
   139  1BE  0BBF               	nop2
   140  1BF                     l573:
   141                           
   142                           ;newmain.c: 24:             _delay((unsigned long)((300)*(4000000/4000.0)));
   143  1BF  0666               	btfsc	6,3	;volatile
   144  1C0  0BC2               	goto	u31
   145  1C1  0BC3               	goto	u30
   146  1C2                     u31:
   147  1C2  0BEA               	goto	l591
   148  1C3                     u30:
   149  1C3                     l575:
   150                           
   151                           ;newmain.c: 25:             GPIObits.GP2 = 0;
   152  1C3  0506               	bsf	6,0	;volatile
   153                           
   154                           ;newmain.c: 26:             GPIObits.GP1 = 0;
   155  1C4  0546               	bsf	6,2	;volatile
   156                           
   157                           ;newmain.c: 27:             GPIObits.GP0 = 0;
   158  1C5  0426               	bcf	6,1	;volatile
   159  1C6                     l577:
   160                           
   161                           ;newmain.c: 28:             __asm("sleep");
   162  1C6  0C10               	movlw	16
   163  1C7  0029               	movwf	??_main+2
   164  1C8  0C39               	movlw	57
   165  1C9  0028               	movwf	??_main+1
   166  1CA  0C0D               	movlw	13
   167  1CB  0027               	movwf	??_main
   168  1CC                     u67:
   169  1CC  02E7               	decfsz	??_main,f
   170  1CD  0BCC               	goto	u67
   171  1CE  02E8               	decfsz	??_main+1,f
   172  1CF  0BCC               	goto	u67
   173  1D0  02E9               	decfsz	??_main+2,f
   174  1D1  0BCC               	goto	u67
   175  1D2  0BD3               	nop2
   176  1D3                     l579:
   177                           
   178                           ;newmain.c: 29:         }
   179  1D3  0766               	btfss	6,3	;volatile
   180  1D4  0BD6               	goto	u41
   181  1D5  0BD7               	goto	u40
   182  1D6                     u41:
   183  1D6  0BE5               	goto	l585
   184  1D7                     u40:
   185  1D7                     l581:
   186                           
   187                           ;newmain.c: 30: 
   188  1D7  0446               	bcf	6,2	;volatile
   189                           
   190                           ;newmain.c: 31:     }
   191  1D8  0526               	bsf	6,1	;volatile
   192  1D9                     l583:
   193                           
   194                           ;newmain.c: 32: }
   195  1D9  0C02               	movlw	2
   196  1DA  0029               	movwf	??_main+2
   197  1DB  0C86               	movlw	134
   198  1DC  0028               	movwf	??_main+1
   199  1DD  0C99               	movlw	153
   200  1DE  0027               	movwf	??_main
   201  1DF                     u77:
   202  1DF  02E7               	decfsz	??_main,f
   203  1E0  0BDF               	goto	u77
   204  1E1  02E8               	decfsz	??_main+1,f
   205  1E2  0BDF               	goto	u77
   206  1E3  02E9               	decfsz	??_main+2,f
   207  1E4  0BDF               	goto	u77
   208  1E5                     l585:
   209  1E5  0446               	bcf	6,2	;volatile
   210  1E6                     l587:
   211  1E6  0426               	bcf	6,1	;volatile
   212  1E7                     l589:
   213  1E7  0406               	bcf	6,0	;volatile
   214  1E8  0003               	sleep	;# 
   215  1E9  0BB6               	goto	l571
   216  1EA                     l591:
   217  1EA  0506               	bsf	6,0	;volatile
   218  1EB  0446               	bcf	6,2	;volatile
   219  1EC  0526               	bsf	6,1	;volatile
   220  1ED                     l593:
   221  1ED  0C02               	movlw	2
   222  1EE  0029               	movwf	??_main+2
   223  1EF  0C86               	movlw	134
   224  1F0  0028               	movwf	??_main+1
   225  1F1  0C99               	movlw	153
   226  1F2  0027               	movwf	??_main
   227  1F3                     u87:
   228  1F3  02E7               	decfsz	??_main,f
   229  1F4  0BF3               	goto	u87
   230  1F5  02E8               	decfsz	??_main+1,f
   231  1F6  0BF3               	goto	u87
   232  1F7  02E9               	decfsz	??_main+2,f
   233  1F8  0BF3               	goto	u87
   234  1F9                     l595:
   235  1F9  0446               	bcf	6,2	;volatile
   236  1FA                     l597:
   237  1FA  0426               	bcf	6,1	;volatile
   238  1FB                     l599:
   239  1FB  0406               	bcf	6,0	;volatile
   240  1FC  0003               	sleep	;# 
   241  1FD  0BB6               	goto	l571
   242  1FE  0A02               	ljmp	start
   243  1FF                     __end_of_main:
   244  001C                     btemp	set	28	;btemp
   245  001C                     wtemp0	set	28
   246  001E                     wtemp1	set	30
   247  001C                     ttemp0	set	28
   248  001C                     ltemp0	set	28
   249                           
   250                           	psect	config
   251                           
   252                           ;Config register CONFIG @ 0xFFF
   253                           ;	Oscillator Selection bits
   254                           ;	OSC = IntRC, internal RC oscillator
   255                           ;	Watchdog Timer Enable bit
   256                           ;	WDT = OFF, WDT disabled
   257                           ;	Code Protection bit
   258                           ;	CP = OFF, Code protection off
   259                           ;	GP3/MCLR Pin Function Select bit
   260                           ;	MCLRE = OFF, GP3/MCLR pin function is digital input, MCLR internally tied to VDD
   261  0FFF                     	org	4095
   262  0FFF  0FEA               	dw	4074

Data Sizes:
    Strings     0
    Constant    0
    Data        0
    BSS         0
    Persistent  0
    Stack       0

Auto Spaces:
    Space          Size  Autos    Used
    COMMON            0      0       0
    BANK0            23      3       3

Pointer List with Targets:

    None.

Critical Paths under _main in COMMON

    None.

Critical Paths under _main in BANK0

    None.

Call Graph Tables:

 ---------------------------------------------------------------------------------
 (Depth) Function   	        Calls       Base Space   Used Autos Params    Refs
 ---------------------------------------------------------------------------------
 (0) _main                                                 5     5      0       1
                                              0 BANK0      3     3      0
 ---------------------------------------------------------------------------------
 Estimated maximum stack depth 0
 ---------------------------------------------------------------------------------

 Call Graph Graphs:

 _main (ROOT)

 Address spaces:
Name               Size   Autos  Total    Cost      Usage
BITCOMMON            0      0       0       0        0.0%
NULL                 0      0       0       0        0.0%
CODE                 0      0       0       0        0.0%
BITSFR0              0      0       0       1        0.0%
SFR0                 0      0       0       1        0.0%
COMMON               0      0       0       1        0.0%
STACK                0      0       0       2        0.0%
BANK0               17      3       3       3       13.0%
ABS                  0      0       0       4        0.0%
BITBANK0            17      0       0       5        0.0%
DATA                 0      0       0       6        0.0%


Microchip Technology PIC Macro Assembler V2.32 build 20210201212658 
Symbol Table                                                                                   Sun Jun 06 21:47:45 2021

                     u30 01C3                       u31 01C2                       u40 01D7  
                     u41 01D6                       u57 01BA                       u67 01CC  
                     u77 01DF                       u87 01F3                       fsr 0004  
                    l571 01B6                      l581 01D7                      l573 01BF  
                    l565 01B2                      l583 01D9                      l575 01C3  
                    l591 01EA                      l567 01B4                      l593 01ED  
                    l585 01E5                      l577 01C6                      l569 01B4  
                    l595 01F9                      l587 01E6                      l579 01D3  
                    l597 01FA                      l589 01E7                      l599 01FB  
                   _main 01B2                     btemp 001C                     start 0002  
                  ?_main 0007                    ltemp0 001C                    ttemp0 001C  
                  wtemp0 001C                    wtemp1 001E          __initialization 0003  
           __end_of_main 01FF                   ??_main 0007                   _OPTION 0000  
__end_of__initialization 0003               __pmaintext 01B2     end_of_initialization 0003  
    start_initialization 0003                ___latbits 0000            __pcstackBANK0 0007  
               _GPIObits 0006                 _TRISGPIO 0006            __size_of_main 004D  
